2023-08-14 22:56:10,302 - log.py[line:35] - log - INFO: [lleasy][INFO]:test_decortor
2023-08-14 22:56:10,302 - log.py[line:41] - log - ERROR: [lleasy][ERROR]->test_decortor
2023-08-14 22:56:10,302 - log.py[line:41] - log - ERROR: division by zero
2023-08-14 22:56:10,302 - log.py[line:35] - log - INFO: Info
2023-08-14 22:56:10,303 - log.py[line:38] - log - WARNING: warning
2023-08-14 22:56:10,303 - log.py[line:41] - log - ERROR: error
2023-08-14 22:56:10,303 - log.py[line:44] - log - ERROR: critical
2023-08-14 22:57:57,189 - log.py[line:35] - log - INFO: [lleasy][INFO]:cal_Statistics
2023-08-14 22:57:57,204 - log.py[line:35] - log - INFO: [lleasy][INFO]->cal_Statistics
2023-08-14 22:57:57,240 - log.py[line:35] - log - INFO: [lleasy][INFO]:cal_Statistics
2023-08-14 22:57:57,253 - log.py[line:35] - log - INFO: [lleasy][INFO]->cal_Statistics
2023-08-14 22:57:57,279 - log.py[line:35] - log - INFO: [lleasy][INFO]:cal_Statistics
2023-08-14 22:57:57,292 - log.py[line:35] - log - INFO: [lleasy][INFO]->cal_Statistics
2023-08-14 22:57:57,329 - log.py[line:35] - log - INFO: [lleasy][INFO]:cal_Statistics
2023-08-14 22:57:57,341 - log.py[line:35] - log - INFO: [lleasy][INFO]->cal_Statistics
2023-08-14 22:57:57,377 - log.py[line:35] - log - INFO: [lleasy][INFO]:cal_Statistics
2023-08-14 22:57:57,389 - log.py[line:35] - log - INFO: [lleasy][INFO]->cal_Statistics
2023-08-14 22:57:57,457 - log.py[line:35] - log - INFO: [lleasy][INFO]:cal_Statistics
2023-08-14 22:57:57,473 - log.py[line:35] - log - INFO: [lleasy][INFO]->cal_Statistics
2023-08-14 22:57:57,506 - log.py[line:35] - log - INFO: [lleasy][INFO]:cal_Statistics
2023-08-14 22:57:57,520 - log.py[line:35] - log - INFO: [lleasy][INFO]->cal_Statistics
2023-08-14 22:57:57,532 - log.py[line:35] - log - INFO: [lleasy][INFO]:cal_Statistics
2023-08-14 22:57:57,544 - log.py[line:35] - log - INFO: [lleasy][INFO]->cal_Statistics
2023-08-14 22:57:57,555 - log.py[line:35] - log - INFO: [lleasy][INFO]:cal_Statistics
2023-08-14 22:57:57,567 - log.py[line:35] - log - INFO: [lleasy][INFO]->cal_Statistics
2023-08-14 22:57:57,577 - log.py[line:35] - log - INFO: [lleasy][INFO]:cal_Statistics
2023-08-14 22:57:57,604 - log.py[line:35] - log - INFO: [lleasy][INFO]->cal_Statistics
